<?xml version="1.0" encoding="UTF-8"?>
<!-- Generated by org.testng.reporters.JUnitXMLReporter -->
<testsuite ignored="0" hostname="MILAN" failures="0" tests="12" name="Test" time="34.56" errors="0" timestamp="2025-05-14T15:12:58 IST">
  <testcase classname="testScript.LoginTest" name="verifyUserLoginWithValidCredentials" time="1.233"/>
  <testcase classname="testScript.LoginTest" name="verifyUserLoginWithValidUsernameAndInvalidPassword" time="0.371"/>
  <testcase classname="testScript.LoginTest" name="verifyLoginWithInvalidUsernameAndValidPassword" time="0.339"/>
  <testcase classname="testScript.LoginTest" name="verifyUserLoginWithInvalidCredentials" time="0.348"/>
  <testcase classname="testScript.LoginTest" name="verifyUserLoginWithInvalidCredentials" time="0.289"/>
  <testcase classname="testScript.HomeTest" name="logout" time="0.923"/>
  <testcase classname="testScript.AdminUserTest" name="addNewUser" time="1.785"/>
  <testcase classname="testScript.AdminUserTest" name="searchUser" time="1.456"/>
  <testcase classname="testScript.CategoryTest" name="addCategory" time="1.701"/>
  <testcase classname="testScript.CategoryTest" name="searchCategory" time="1.224"/>
  <testcase classname="testScript.NewsTest" name="addNews" time="1.335"/>
  <testcase classname="testScript.NewsTest" name="searchNews" time="1.212"/>
</testsuite> <!-- Test -->
