<?xml version="1.0" encoding="UTF-8"?>
<testng-results ignored="0" total="12" passed="12" failed="0" skipped="0">
  <reporter-output>
  </reporter-output>
  <suite started-at="2025-05-14T15:12:23 IST" name="Suite" finished-at="2025-05-14T15:12:58 IST" duration-ms="34560">
    <groups>
      <group name="smoke">
        <method signature="LoginTest.verifyUserLoginWithValidUsernameAndInvalidPassword()[pri:2, instance:testScript.LoginTest@38145825]" name="verifyUserLoginWithValidUsernameAndInvalidPassword" class="testScript.LoginTest"/>
        <method signature="LoginTest.verifyLoginWithInvalidUsernameAndValidPassword()[pri:3, instance:testScript.LoginTest@38145825]" name="verifyLoginWithInvalidUsernameAndValidPassword" class="testScript.LoginTest"/>
      </group> <!-- smoke -->
    </groups>
    <test started-at="2025-05-14T15:12:23 IST" name="Test" finished-at="2025-05-14T15:12:58 IST" duration-ms="34560">
      <class name="testScript.NewsTest">
        <test-method is-config="true" signature="initializeBrowser(java.lang.String)[pri:0, instance:testScript.NewsTest@2235eaab]" started-at="2025-05-14T15:12:51 IST" name="initializeBrowser" finished-at="2025-05-14T15:12:53 IST" duration-ms="1770" status="PASS">
          <params>
            <param index="0">
              <value>
                <![CDATA[chrome]]>
              </value>
            </param>
          </params>
          <reporter-output>
          </reporter-output>
        </test-method> <!-- initializeBrowser -->
        <test-method signature="addNews()[pri:0, instance:testScript.NewsTest@2235eaab]" started-at="2025-05-14T15:12:53 IST" name="addNews" description="verifying whether user is able to add new news" finished-at="2025-05-14T15:12:55 IST" duration-ms="1335" status="PASS">
          <reporter-output>
          </reporter-output>
        </test-method> <!-- addNews -->
        <test-method is-config="true" signature="driverQuit(org.testng.ITestResult)[pri:0, instance:testScript.NewsTest@2235eaab]" started-at="2025-05-14T15:12:55 IST" name="driverQuit" finished-at="2025-05-14T15:12:55 IST" duration-ms="125" status="PASS">
          <params>
            <param index="0">
              <value>
                <![CDATA[[TestResult name=addNews status=SUCCESS method=NewsTest.addNews()[pri:0, instance:testScript.NewsTest@2235eaab] output={null}]]]>
              </value>
            </param>
          </params>
          <reporter-output>
          </reporter-output>
        </test-method> <!-- driverQuit -->
        <test-method is-config="true" signature="initializeBrowser(java.lang.String)[pri:0, instance:testScript.NewsTest@2235eaab]" started-at="2025-05-14T15:12:55 IST" name="initializeBrowser" finished-at="2025-05-14T15:12:57 IST" duration-ms="1842" status="PASS">
          <params>
            <param index="0">
              <value>
                <![CDATA[chrome]]>
              </value>
            </param>
          </params>
          <reporter-output>
          </reporter-output>
        </test-method> <!-- initializeBrowser -->
        <test-method signature="searchNews()[pri:0, instance:testScript.NewsTest@2235eaab]" started-at="2025-05-14T15:12:57 IST" name="searchNews" description="verifying whether user is able to search news" finished-at="2025-05-14T15:12:58 IST" duration-ms="1212" status="PASS">
          <reporter-output>
          </reporter-output>
        </test-method> <!-- searchNews -->
        <test-method is-config="true" signature="driverQuit(org.testng.ITestResult)[pri:0, instance:testScript.NewsTest@2235eaab]" started-at="2025-05-14T15:12:58 IST" name="driverQuit" finished-at="2025-05-14T15:12:58 IST" duration-ms="126" status="PASS">
          <params>
            <param index="0">
              <value>
                <![CDATA[[TestResult name=searchNews status=SUCCESS method=NewsTest.searchNews()[pri:0, instance:testScript.NewsTest@2235eaab] output={null}]]]>
              </value>
            </param>
          </params>
          <reporter-output>
          </reporter-output>
        </test-method> <!-- driverQuit -->
      </class> <!-- testScript.NewsTest -->
      <class name="testScript.LoginTest">
        <test-method is-config="true" signature="initializeBrowser(java.lang.String)[pri:0, instance:testScript.LoginTest@38145825]" started-at="2025-05-14T15:12:23 IST" name="initializeBrowser" finished-at="2025-05-14T15:12:26 IST" duration-ms="2199" status="PASS">
          <params>
            <param index="0">
              <value>
                <![CDATA[chrome]]>
              </value>
            </param>
          </params>
          <reporter-output>
          </reporter-output>
        </test-method> <!-- initializeBrowser -->
        <test-method signature="verifyUserLoginWithValidCredentials()[pri:1, instance:testScript.LoginTest@38145825]" started-at="2025-05-14T15:12:26 IST" name="verifyUserLoginWithValidCredentials" description="Verifying whether logging in can be done with valid credentials" finished-at="2025-05-14T15:12:27 IST" duration-ms="1233" status="PASS">
          <reporter-output>
          </reporter-output>
        </test-method> <!-- verifyUserLoginWithValidCredentials -->
        <test-method is-config="true" signature="driverQuit(org.testng.ITestResult)[pri:0, instance:testScript.LoginTest@38145825]" started-at="2025-05-14T15:12:27 IST" name="driverQuit" finished-at="2025-05-14T15:12:27 IST" duration-ms="120" status="PASS">
          <params>
            <param index="0">
              <value>
                <![CDATA[[TestResult name=verifyUserLoginWithValidCredentials status=SUCCESS method=LoginTest.verifyUserLoginWithValidCredentials()[pri:1, instance:testScript.LoginTest@38145825] output={null}]]]>
              </value>
            </param>
          </params>
          <reporter-output>
          </reporter-output>
        </test-method> <!-- driverQuit -->
        <test-method is-config="true" signature="initializeBrowser(java.lang.String)[pri:0, instance:testScript.LoginTest@38145825]" started-at="2025-05-14T15:12:27 IST" name="initializeBrowser" finished-at="2025-05-14T15:12:29 IST" duration-ms="1606" status="PASS">
          <params>
            <param index="0">
              <value>
                <![CDATA[chrome]]>
              </value>
            </param>
          </params>
          <reporter-output>
          </reporter-output>
        </test-method> <!-- initializeBrowser -->
        <test-method signature="verifyUserLoginWithValidUsernameAndInvalidPassword()[pri:2, instance:testScript.LoginTest@38145825]" started-at="2025-05-14T15:12:29 IST" name="verifyUserLoginWithValidUsernameAndInvalidPassword" description="Verifying whether logging in can be done with valid username and invalid password" finished-at="2025-05-14T15:12:29 IST" duration-ms="371" status="PASS">
          <reporter-output>
          </reporter-output>
        </test-method> <!-- verifyUserLoginWithValidUsernameAndInvalidPassword -->
        <test-method is-config="true" signature="driverQuit(org.testng.ITestResult)[pri:0, instance:testScript.LoginTest@38145825]" started-at="2025-05-14T15:12:29 IST" name="driverQuit" finished-at="2025-05-14T15:12:29 IST" duration-ms="124" status="PASS">
          <params>
            <param index="0">
              <value>
                <![CDATA[[TestResult name=verifyUserLoginWithValidUsernameAndInvalidPassword status=SUCCESS method=LoginTest.verifyUserLoginWithValidUsernameAndInvalidPassword()[pri:2, instance:testScript.LoginTest@38145825] output={null}]]]>
              </value>
            </param>
          </params>
          <reporter-output>
          </reporter-output>
        </test-method> <!-- driverQuit -->
        <test-method is-config="true" signature="initializeBrowser(java.lang.String)[pri:0, instance:testScript.LoginTest@38145825]" started-at="2025-05-14T15:12:29 IST" name="initializeBrowser" finished-at="2025-05-14T15:12:31 IST" duration-ms="1761" status="PASS">
          <params>
            <param index="0">
              <value>
                <![CDATA[chrome]]>
              </value>
            </param>
          </params>
          <reporter-output>
          </reporter-output>
        </test-method> <!-- initializeBrowser -->
        <test-method signature="verifyLoginWithInvalidUsernameAndValidPassword()[pri:3, instance:testScript.LoginTest@38145825]" started-at="2025-05-14T15:12:31 IST" name="verifyLoginWithInvalidUsernameAndValidPassword" description="Verifying whether logging in can be done with invalid username and valid password" finished-at="2025-05-14T15:12:31 IST" duration-ms="339" status="PASS">
          <reporter-output>
          </reporter-output>
        </test-method> <!-- verifyLoginWithInvalidUsernameAndValidPassword -->
        <test-method is-config="true" signature="driverQuit(org.testng.ITestResult)[pri:0, instance:testScript.LoginTest@38145825]" started-at="2025-05-14T15:12:31 IST" name="driverQuit" finished-at="2025-05-14T15:12:31 IST" duration-ms="126" status="PASS">
          <params>
            <param index="0">
              <value>
                <![CDATA[[TestResult name=verifyLoginWithInvalidUsernameAndValidPassword status=SUCCESS method=LoginTest.verifyLoginWithInvalidUsernameAndValidPassword()[pri:3, instance:testScript.LoginTest@38145825] output={null}]]]>
              </value>
            </param>
          </params>
          <reporter-output>
          </reporter-output>
        </test-method> <!-- driverQuit -->
        <test-method is-config="true" signature="initializeBrowser(java.lang.String)[pri:0, instance:testScript.LoginTest@38145825]" started-at="2025-05-14T15:12:31 IST" name="initializeBrowser" finished-at="2025-05-14T15:12:33 IST" duration-ms="1385" status="PASS">
          <params>
            <param index="0">
              <value>
                <![CDATA[chrome]]>
              </value>
            </param>
          </params>
          <reporter-output>
          </reporter-output>
        </test-method> <!-- initializeBrowser -->
        <test-method signature="verifyUserLoginWithInvalidCredentials(java.lang.String,java.lang.String)[pri:4, instance:testScript.LoginTest@38145825]" started-at="2025-05-14T15:12:33 IST" name="verifyUserLoginWithInvalidCredentials" description="Verifying whether logging in can be done with invalid credentials" data-provider="loginProvider" finished-at="2025-05-14T15:12:33 IST" duration-ms="348" status="PASS">
          <params>
            <param index="0">
              <value>
                <![CDATA[1234]]>
              </value>
            </param>
            <param index="1">
              <value>
                <![CDATA[1234]]>
              </value>
            </param>
          </params>
          <reporter-output>
          </reporter-output>
        </test-method> <!-- verifyUserLoginWithInvalidCredentials -->
        <test-method is-config="true" signature="driverQuit(org.testng.ITestResult)[pri:0, instance:testScript.LoginTest@38145825]" started-at="2025-05-14T15:12:33 IST" name="driverQuit" finished-at="2025-05-14T15:12:33 IST" duration-ms="122" status="PASS">
          <params>
            <param index="0">
              <value>
                <![CDATA[[TestResult name=verifyUserLoginWithInvalidCredentials status=SUCCESS method=LoginTest.verifyUserLoginWithInvalidCredentials(java.lang.String,java.lang.String)[pri:4, instance:testScript.LoginTest@38145825] output={null}]]]>
              </value>
            </param>
          </params>
          <reporter-output>
          </reporter-output>
        </test-method> <!-- driverQuit -->
        <test-method is-config="true" signature="initializeBrowser(java.lang.String)[pri:0, instance:testScript.LoginTest@38145825]" started-at="2025-05-14T15:12:33 IST" name="initializeBrowser" finished-at="2025-05-14T15:12:35 IST" duration-ms="1851" status="PASS">
          <params>
            <param index="0">
              <value>
                <![CDATA[chrome]]>
              </value>
            </param>
          </params>
          <reporter-output>
          </reporter-output>
        </test-method> <!-- initializeBrowser -->
        <test-method signature="verifyUserLoginWithInvalidCredentials(java.lang.String,java.lang.String)[pri:4, instance:testScript.LoginTest@38145825]" started-at="2025-05-14T15:12:35 IST" name="verifyUserLoginWithInvalidCredentials" description="Verifying whether logging in can be done with invalid credentials" data-provider="loginProvider" finished-at="2025-05-14T15:12:35 IST" duration-ms="289" status="PASS">
          <params>
            <param index="0">
              <value>
                <![CDATA[1234]]>
              </value>
            </param>
            <param index="1">
              <value>
                <![CDATA[1234]]>
              </value>
            </param>
          </params>
          <reporter-output>
          </reporter-output>
        </test-method> <!-- verifyUserLoginWithInvalidCredentials -->
        <test-method is-config="true" signature="driverQuit(org.testng.ITestResult)[pri:0, instance:testScript.LoginTest@38145825]" started-at="2025-05-14T15:12:35 IST" name="driverQuit" finished-at="2025-05-14T15:12:35 IST" duration-ms="115" status="PASS">
          <params>
            <param index="0">
              <value>
                <![CDATA[[TestResult name=verifyUserLoginWithInvalidCredentials status=SUCCESS method=LoginTest.verifyUserLoginWithInvalidCredentials(java.lang.String,java.lang.String)[pri:4, instance:testScript.LoginTest@38145825] output={null}]]]>
              </value>
            </param>
          </params>
          <reporter-output>
          </reporter-output>
        </test-method> <!-- driverQuit -->
      </class> <!-- testScript.LoginTest -->
      <class name="testScript.CategoryTest">
        <test-method is-config="true" signature="initializeBrowser(java.lang.String)[pri:0, instance:testScript.CategoryTest@13526e59]" started-at="2025-05-14T15:12:45 IST" name="initializeBrowser" finished-at="2025-05-14T15:12:47 IST" duration-ms="1776" status="PASS">
          <params>
            <param index="0">
              <value>
                <![CDATA[chrome]]>
              </value>
            </param>
          </params>
          <reporter-output>
          </reporter-output>
        </test-method> <!-- initializeBrowser -->
        <test-method signature="addCategory()[pri:0, instance:testScript.CategoryTest@13526e59]" started-at="2025-05-14T15:12:47 IST" name="addCategory" description="verifying whether user is able to add new category" finished-at="2025-05-14T15:12:49 IST" duration-ms="1701" status="PASS">
          <reporter-output>
          </reporter-output>
        </test-method> <!-- addCategory -->
        <test-method is-config="true" signature="driverQuit(org.testng.ITestResult)[pri:0, instance:testScript.CategoryTest@13526e59]" started-at="2025-05-14T15:12:49 IST" name="driverQuit" finished-at="2025-05-14T15:12:49 IST" duration-ms="120" status="PASS">
          <params>
            <param index="0">
              <value>
                <![CDATA[[TestResult name=addCategory status=SUCCESS method=CategoryTest.addCategory()[pri:0, instance:testScript.CategoryTest@13526e59] output={null}]]]>
              </value>
            </param>
          </params>
          <reporter-output>
          </reporter-output>
        </test-method> <!-- driverQuit -->
        <test-method is-config="true" signature="initializeBrowser(java.lang.String)[pri:0, instance:testScript.CategoryTest@13526e59]" started-at="2025-05-14T15:12:49 IST" name="initializeBrowser" finished-at="2025-05-14T15:12:50 IST" duration-ms="1478" status="PASS">
          <params>
            <param index="0">
              <value>
                <![CDATA[chrome]]>
              </value>
            </param>
          </params>
          <reporter-output>
          </reporter-output>
        </test-method> <!-- initializeBrowser -->
        <test-method signature="searchCategory()[pri:0, instance:testScript.CategoryTest@13526e59]" started-at="2025-05-14T15:12:50 IST" name="searchCategory" description="verifying whether user is able to search category" finished-at="2025-05-14T15:12:51 IST" duration-ms="1224" status="PASS">
          <reporter-output>
          </reporter-output>
        </test-method> <!-- searchCategory -->
        <test-method is-config="true" signature="driverQuit(org.testng.ITestResult)[pri:0, instance:testScript.CategoryTest@13526e59]" started-at="2025-05-14T15:12:51 IST" name="driverQuit" finished-at="2025-05-14T15:12:51 IST" duration-ms="125" status="PASS">
          <params>
            <param index="0">
              <value>
                <![CDATA[[TestResult name=searchCategory status=SUCCESS method=CategoryTest.searchCategory()[pri:0, instance:testScript.CategoryTest@13526e59] output={null}]]]>
              </value>
            </param>
          </params>
          <reporter-output>
          </reporter-output>
        </test-method> <!-- driverQuit -->
      </class> <!-- testScript.CategoryTest -->
      <class name="testScript.HomeTest">
        <test-method is-config="true" signature="initializeBrowser(java.lang.String)[pri:0, instance:testScript.HomeTest@7098b907]" started-at="2025-05-14T15:12:35 IST" name="initializeBrowser" finished-at="2025-05-14T15:12:37 IST" duration-ms="1585" status="PASS">
          <params>
            <param index="0">
              <value>
                <![CDATA[chrome]]>
              </value>
            </param>
          </params>
          <reporter-output>
          </reporter-output>
        </test-method> <!-- initializeBrowser -->
        <test-method signature="logout()[pri:0, instance:testScript.HomeTest@7098b907]" started-at="2025-05-14T15:12:37 IST" name="logout" description="Verifying whether user is able to logout after logging in" finished-at="2025-05-14T15:12:38 IST" duration-ms="923" status="PASS">
          <reporter-output>
          </reporter-output>
        </test-method> <!-- logout -->
        <test-method is-config="true" signature="driverQuit(org.testng.ITestResult)[pri:0, instance:testScript.HomeTest@7098b907]" started-at="2025-05-14T15:12:38 IST" name="driverQuit" finished-at="2025-05-14T15:12:38 IST" duration-ms="90" status="PASS">
          <params>
            <param index="0">
              <value>
                <![CDATA[[TestResult name=logout status=SUCCESS method=HomeTest.logout()[pri:0, instance:testScript.HomeTest@7098b907] output={null}]]]>
              </value>
            </param>
          </params>
          <reporter-output>
          </reporter-output>
        </test-method> <!-- driverQuit -->
      </class> <!-- testScript.HomeTest -->
      <class name="testScript.AdminUserTest">
        <test-method is-config="true" signature="initializeBrowser(java.lang.String)[pri:0, instance:testScript.AdminUserTest@503f91c3]" started-at="2025-05-14T15:12:38 IST" name="initializeBrowser" finished-at="2025-05-14T15:12:40 IST" duration-ms="1916" status="PASS">
          <params>
            <param index="0">
              <value>
                <![CDATA[chrome]]>
              </value>
            </param>
          </params>
          <reporter-output>
          </reporter-output>
        </test-method> <!-- initializeBrowser -->
        <test-method signature="addNewUser()[pri:0, instance:testScript.AdminUserTest@503f91c3]" started-at="2025-05-14T15:12:40 IST" name="addNewUser" description="Verifying whether new user can be created " finished-at="2025-05-14T15:12:42 IST" duration-ms="1785" status="PASS">
          <reporter-output>
          </reporter-output>
        </test-method> <!-- addNewUser -->
        <test-method is-config="true" signature="driverQuit(org.testng.ITestResult)[pri:0, instance:testScript.AdminUserTest@503f91c3]" started-at="2025-05-14T15:12:42 IST" name="driverQuit" finished-at="2025-05-14T15:12:42 IST" duration-ms="118" status="PASS">
          <params>
            <param index="0">
              <value>
                <![CDATA[[TestResult name=addNewUser status=SUCCESS method=AdminUserTest.addNewUser()[pri:0, instance:testScript.AdminUserTest@503f91c3] output={null}]]]>
              </value>
            </param>
          </params>
          <reporter-output>
          </reporter-output>
        </test-method> <!-- driverQuit -->
        <test-method is-config="true" signature="initializeBrowser(java.lang.String)[pri:0, instance:testScript.AdminUserTest@503f91c3]" started-at="2025-05-14T15:12:42 IST" name="initializeBrowser" finished-at="2025-05-14T15:12:43 IST" duration-ms="1679" status="PASS">
          <params>
            <param index="0">
              <value>
                <![CDATA[chrome]]>
              </value>
            </param>
          </params>
          <reporter-output>
          </reporter-output>
        </test-method> <!-- initializeBrowser -->
        <test-method signature="searchUser()[pri:0, instance:testScript.AdminUserTest@503f91c3]" started-at="2025-05-14T15:12:43 IST" name="searchUser" description="Verifying whether newly created user can be searched" finished-at="2025-05-14T15:12:45 IST" duration-ms="1456" status="PASS">
          <reporter-output>
          </reporter-output>
        </test-method> <!-- searchUser -->
        <test-method is-config="true" signature="driverQuit(org.testng.ITestResult)[pri:0, instance:testScript.AdminUserTest@503f91c3]" started-at="2025-05-14T15:12:45 IST" name="driverQuit" finished-at="2025-05-14T15:12:45 IST" duration-ms="108" status="PASS">
          <params>
            <param index="0">
              <value>
                <![CDATA[[TestResult name=searchUser status=SUCCESS method=AdminUserTest.searchUser()[pri:0, instance:testScript.AdminUserTest@503f91c3] output={null}]]]>
              </value>
            </param>
          </params>
          <reporter-output>
          </reporter-output>
        </test-method> <!-- driverQuit -->
      </class> <!-- testScript.AdminUserTest -->
    </test> <!-- Test -->
  </suite> <!-- Suite -->
</testng-results>
