<?xml version="1.0" encoding="UTF-8"?>
<!-- Generated by org.testng.reporters.JUnitXMLReporter -->
<testsuite ignored="3" hostname="MILAN" failures="0" tests="1" name="test2" time="8.156" errors="0" timestamp="2025-05-12T11:55:21 IST">
  <testcase classname="testScript.LoginTest" name="verifyUserLoginWithValidCredentials" time="1.158"/>
  <testcase classname="testScript.LoginTest" name="verifyLoginWithInvalidUsernameAndValidPassword" time="0.0">
    <ignored/>
  </testcase> <!-- verifyLoginWithInvalidUsernameAndValidPassword -->
  <testcase classname="testScript.LoginTest" name="verifyUserLoginWithInvalidCredentials" time="0.0">
    <ignored/>
  </testcase> <!-- verifyUserLoginWithInvalidCredentials -->
  <testcase classname="testScript.LoginTest" name="verifyUserLoginWithValidUsernameAndInvalidPassword" time="0.0">
    <ignored/>
  </testcase> <!-- verifyUserLoginWithValidUsernameAndInvalidPassword -->
</testsuite> <!-- test2 -->
